  Source.cpp
c:\users\kisha\source\repos\project5\project5\source.cpp(55): warning C4305: 'argument': truncation from 'double' to 'GLfloat'
c:\users\kisha\source\repos\project5\project5\source.cpp(72): warning C4305: 'argument': truncation from 'double' to 'GLfloat'
c:\users\kisha\source\repos\project5\project5\source.cpp(90): warning C4305: 'argument': truncation from 'double' to 'GLfloat'
c:\users\kisha\source\repos\project5\project5\source.cpp(107): warning C4305: 'argument': truncation from 'double' to 'GLfloat'
c:\users\kisha\source\repos\project5\project5\source.cpp(127): warning C4305: 'argument': truncation from 'double' to 'GLfloat'
c:\users\kisha\source\repos\project5\project5\source.cpp(136): warning C4305: 'argument': truncation from 'double' to 'GLfloat'
c:\users\kisha\source\repos\project5\project5\source.cpp(145): warning C4305: 'argument': truncation from 'double' to 'GLfloat'
c:\users\kisha\source\repos\project5\project5\source.cpp(153): warning C4305: 'argument': truncation from 'double' to 'GLfloat'
c:\users\kisha\source\repos\project5\project5\source.cpp(161): warning C4305: 'argument': truncation from 'double' to 'GLfloat'
c:\users\kisha\source\repos\project5\project5\source.cpp(168): warning C4305: 'argument': truncation from 'double' to 'GLfloat'
c:\users\kisha\source\repos\project5\project5\source.cpp(366): warning C4305: 'argument': truncation from 'double' to 'GLfloat'
c:\users\kisha\source\repos\project5\project5\source.cpp(390): warning C4305: 'argument': truncation from 'double' to 'GLfloat'
c:\users\kisha\source\repos\project5\project5\source.cpp(466): warning C4305: 'argument': truncation from 'double' to 'GLfloat'
c:\users\kisha\source\repos\project5\project5\source.cpp(490): warning C4305: 'argument': truncation from 'double' to 'GLfloat'
c:\users\kisha\source\repos\project5\project5\source.cpp(574): warning C4305: 'argument': truncation from 'double' to 'GLfloat'
c:\users\kisha\source\repos\project5\project5\source.cpp(578): warning C4305: 'argument': truncation from 'double' to 'GLfloat'
c:\users\kisha\source\repos\project5\project5\source.cpp(579): warning C4305: 'argument': truncation from 'double' to 'GLfloat'
c:\users\kisha\source\repos\project5\project5\source.cpp(580): warning C4305: 'argument': truncation from 'double' to 'GLfloat'
c:\users\kisha\source\repos\project5\project5\source.cpp(582): warning C4305: 'argument': truncation from 'double' to 'GLfloat'
c:\users\kisha\source\repos\project5\project5\source.cpp(583): warning C4305: 'argument': truncation from 'double' to 'GLfloat'
c:\users\kisha\source\repos\project5\project5\source.cpp(586): warning C4305: 'argument': truncation from 'double' to 'GLfloat'
c:\users\kisha\source\repos\project5\project5\source.cpp(588): warning C4305: 'argument': truncation from 'double' to 'GLfloat'
c:\users\kisha\source\repos\project5\project5\source.cpp(592): warning C4305: 'argument': truncation from 'double' to 'GLfloat'
c:\users\kisha\source\repos\project5\project5\source.cpp(594): warning C4305: 'argument': truncation from 'double' to 'GLfloat'
c:\users\kisha\source\repos\project5\project5\source.cpp(595): warning C4305: 'argument': truncation from 'double' to 'GLfloat'
c:\users\kisha\source\repos\project5\project5\source.cpp(596): warning C4305: 'argument': truncation from 'double' to 'GLfloat'
c:\users\kisha\source\repos\project5\project5\source.cpp(626): warning C4305: 'argument': truncation from 'double' to 'GLfloat'
c:\users\kisha\source\repos\project5\project5\source.cpp(637): warning C4305: 'argument': truncation from 'double' to 'GLfloat'
c:\users\kisha\source\repos\project5\project5\source.cpp(648): warning C4305: 'argument': truncation from 'double' to 'GLfloat'
c:\users\kisha\source\repos\project5\project5\source.cpp(659): warning C4305: 'argument': truncation from 'double' to 'GLfloat'
c:\users\kisha\source\repos\project5\project5\source.cpp(670): warning C4305: 'argument': truncation from 'double' to 'GLfloat'
c:\users\kisha\source\repos\project5\project5\source.cpp(681): warning C4305: 'argument': truncation from 'double' to 'GLfloat'
c:\users\kisha\source\repos\project5\project5\source.cpp(692): warning C4305: 'argument': truncation from 'double' to 'GLfloat'
c:\users\kisha\source\repos\project5\project5\source.cpp(978): warning C4326: return type of 'main' should be 'int' instead of 'void'
c:\users\kisha\source\repos\project5\project5\source.cpp(981): warning C4244: 'argument': conversion from 'double' to 'int', possible loss of data
  Project5.vcxproj -> C:\Users\kisha\source\repos\Project5\Debug\Project5.exe
